2024-04-01 12:14:31,620 - root - INFO - Betrete main()
2024-04-01 12:14:31,621 - root - INFO - Verlasse main()
2024-04-01 12:15:25,248 - root - INFO - Betrete main()
2024-04-01 12:15:25,249 - root - INFO - Verlasse main()
2024-04-01 13:14:14,195 - root - INFO - Betrete main()
2024-04-01 13:14:14,196 - root - INFO - Verlasse main()
2024-04-01 13:14:59,444 - root - INFO - Betrete main()
2024-04-01 13:14:59,444 - root - INFO - Verlasse main()
2024-04-01 15:42:16,072 - root - INFO - Betrete main()
2024-04-01 15:42:16,072 - root - INFO - Verlasse main()
2024-04-01 15:43:22,773 - root - INFO - Betrete main()
2024-04-01 15:43:22,773 - root - INFO - Verlasse main()
2024-04-01 15:45:40,308 - root - INFO - Betrete main()
2024-04-01 15:45:40,308 - root - INFO - Verlasse main()
2024-04-01 15:45:53,865 - root - INFO - Betrete main()
2024-04-01 15:45:53,865 - root - INFO - Verlasse main()
2024-04-01 15:47:34,680 - root - INFO - Betrete main()
2024-04-01 15:47:34,680 - root - INFO - Verlasse main()
2024-04-01 17:51:13,098 - root - INFO - Betrete <function test_highorderfunction at 0x000001B50FBA9F30>
2024-04-01 17:51:13,098 - root - INFO - Verlasse<function test_highorderfunction at 0x000001B50FBA9F30>
2024-04-01 17:55:16,089 - root - INFO - Betrete <function test_highorderfunction at 0x000001E470F29F30>
2024-04-01 17:55:16,089 - root - INFO - Verlasse <function test_highorderfunction at 0x000001E470F29F30>
2024-04-01 18:27:37,973 - root - INFO - Betrete <function test_highorderfunction at 0x0000029AF4FB9F30>
2024-04-01 18:27:37,974 - root - INFO - Verlasse <function test_highorderfunction at 0x0000029AF4FB9F30>
2024-04-01 18:27:52,963 - root - INFO - Betrete <function test_highorderfunction at 0x000001D26E7D96C0>
2024-04-01 18:27:52,964 - root - INFO - Verlasse <function test_highorderfunction at 0x000001D26E7D96C0>
2024-04-01 18:29:49,106 - root - INFO - Betrete <function test_highorderfunction at 0x000001F2AB8596C0>
2024-04-01 18:29:49,107 - root - INFO - Verlasse <function test_highorderfunction at 0x000001F2AB8596C0>
2024-04-01 20:15:41,766 - root - INFO - Betrete <function test_highorderfunction at 0x00000220393896C0>
2024-04-01 20:15:41,766 - root - INFO - Verlasse <function test_highorderfunction at 0x00000220393896C0>
2024-04-01 20:27:59,335 - root - INFO - Betrete <function test_highorderfunction at 0x000001C1334196C0>
2024-04-01 20:27:59,337 - root - INFO - Verlasse <function test_highorderfunction at 0x000001C1334196C0>
2024-04-01 20:58:50,618 - root - INFO - Betrete <function test_highorderfunction at 0x0000024AAC8E96C0>
2024-04-01 20:58:50,620 - root - INFO - Verlasse <function test_highorderfunction at 0x0000024AAC8E96C0>
2024-04-01 20:59:00,869 - root - INFO - Betrete <function test_highorderfunction at 0x00000245D43296C0>
2024-04-01 20:59:00,870 - root - INFO - Verlasse <function test_highorderfunction at 0x00000245D43296C0>
2024-04-01 21:14:04,244 - root - INFO - Betrete <function test_highorderfunction at 0x00000254EB7496C0>
2024-04-01 21:14:04,246 - root - INFO - Verlasse <function test_highorderfunction at 0x00000254EB7496C0>
2024-04-01 21:34:15,531 - root - INFO - Betrete <function test_highorderfunction at 0x00000202C90F97E0>
2024-04-01 21:34:15,532 - root - INFO - Verlasse <function test_highorderfunction at 0x00000202C90F97E0>
2024-04-01 21:35:23,865 - root - INFO - Betrete <function test_highorderfunction at 0x000001F21AB697E0>
2024-04-01 21:35:23,866 - root - INFO - Verlasse <function test_highorderfunction at 0x000001F21AB697E0>
2024-04-01 22:00:29,563 - root - INFO - Betrete <function test_highorderfunction at 0x0000025A532B96C0>
2024-04-01 22:00:29,565 - root - INFO - Verlasse <function test_highorderfunction at 0x0000025A532B96C0>
2024-04-01 22:04:23,209 - root - INFO - Betrete <function test_highorderfunction at 0x0000023AA8E396C0>
2024-04-01 22:04:23,212 - root - INFO - Verlasse <function test_highorderfunction at 0x0000023AA8E396C0>
2024-04-01 22:10:37,053 - root - INFO - Betrete <function test_highorderfunction at 0x00000165ACEA96C0>
2024-04-01 22:10:37,055 - root - INFO - Verlasse <function test_highorderfunction at 0x00000165ACEA96C0>
2024-04-01 22:26:03,323 - root - INFO - Betrete <function test_highorderfunction at 0x000001D2103996C0>
2024-04-01 22:26:03,324 - root - INFO - Verlasse <function test_highorderfunction at 0x000001D2103996C0>
