2024-04-01 18:00:06,061 - root - INFO - Betrete <function test_highorderfunction at 0x00000163EE7695A0>
2024-04-01 18:00:06,062 - root - INFO - Verlasse <function test_highorderfunction at 0x00000163EE7695A0>
2024-04-01 18:02:34,639 - root - INFO - Betrete <function test_highorderfunction at 0x0000028F6E2895A0>
2024-04-01 18:02:34,640 - root - INFO - Verlasse <function test_highorderfunction at 0x0000028F6E2895A0>
2024-04-01 18:11:18,748 - root - INFO - Betrete <function test_highorderfunction at 0x000001A26A4F95A0>
2024-04-01 18:11:18,749 - root - INFO - Verlasse <function test_highorderfunction at 0x000001A26A4F95A0>
2024-04-01 18:12:39,746 - root - INFO - Betrete <function test_highorderfunction at 0x0000020DE64695A0>
2024-04-01 18:12:39,747 - root - INFO - Verlasse <function test_highorderfunction at 0x0000020DE64695A0>
2024-04-01 18:12:53,093 - root - INFO - Betrete <function test_highorderfunction at 0x00000298FCB495A0>
2024-04-01 18:12:53,094 - root - INFO - Verlasse <function test_highorderfunction at 0x00000298FCB495A0>
2024-04-01 18:13:02,466 - root - INFO - Betrete <function test_highorderfunction at 0x00000285F4CD95A0>
2024-04-01 18:13:02,466 - root - INFO - Verlasse <function test_highorderfunction at 0x00000285F4CD95A0>
2024-04-01 18:14:22,677 - root - INFO - Betrete <function test_highorderfunction at 0x000002143A7595A0>
2024-04-01 18:14:22,677 - root - INFO - Verlasse <function test_highorderfunction at 0x000002143A7595A0>
2024-04-01 18:30:02,258 - root - INFO - Betrete <function test_highorderfunction at 0x0000016E4BCC95A0>
2024-04-01 18:30:02,259 - root - INFO - Verlasse <function test_highorderfunction at 0x0000016E4BCC95A0>
2024-04-01 18:30:30,651 - root - INFO - Betrete <function test_highorderfunction at 0x0000029BE41595A0>
2024-04-01 18:30:30,652 - root - INFO - Verlasse <function test_highorderfunction at 0x0000029BE41595A0>
2024-04-01 18:36:51,893 - root - INFO - Betrete <function test_highorderfunction at 0x000001CFA11C95A0>
2024-04-01 18:36:51,894 - root - INFO - Verlasse <function test_highorderfunction at 0x000001CFA11C95A0>
2024-04-01 18:39:05,161 - root - INFO - Betrete <function test_highorderfunction at 0x00000238D66995A0>
2024-04-01 18:39:05,161 - root - INFO - Verlasse <function test_highorderfunction at 0x00000238D66995A0>
2024-04-01 18:43:12,438 - root - INFO - Betrete <function test_highorderfunction at 0x000001823E0E95A0>
2024-04-01 18:43:12,439 - root - INFO - Verlasse <function test_highorderfunction at 0x000001823E0E95A0>
2024-04-01 18:45:03,724 - root - INFO - Betrete <function test_highorderfunction at 0x00000216CF7395A0>
2024-04-01 18:45:03,725 - root - INFO - Verlasse <function test_highorderfunction at 0x00000216CF7395A0>
2024-04-01 19:50:50,119 - root - INFO - Betrete <function test_highorderfunction at 0x0000020FC0A395A0>
2024-04-01 19:50:50,120 - root - INFO - Verlasse <function test_highorderfunction at 0x0000020FC0A395A0>
